c:\users\juho7\desktop\git모음\boj\boj\debug\vc142.pdb
c:\users\juho7\desktop\git모음\boj\boj\debug\vc142.idb
c:\users\juho7\desktop\git모음\boj\boj\debug\1407_main.obj
c:\users\juho7\desktop\git모음\boj\boj\debug\1737_main.obj
c:\users\juho7\desktop\git모음\boj\boj\debug\1644_main.obj
c:\users\juho7\desktop\git모음\boj\boj\debug\1322_main.obj
c:\users\juho7\desktop\git모음\boj\boj\debug\1566_main.obj
c:\users\juho7\desktop\git모음\boj\boj\debug\1469_main.obj
c:\users\juho7\desktop\git모음\boj\boj\debug\1354_main.obj
c:\users\juho7\desktop\git모음\boj\debug\`.exe
c:\users\juho7\desktop\git모음\boj\debug\`.ilk
c:\users\juho7\desktop\git모음\boj\debug\`.pdb
c:\users\juho7\desktop\git모음\boj\boj\debug\1083_main.obj
c:\users\juho7\desktop\git모음\boj\boj\debug\1715_main.obj
c:\users\juho7\desktop\git모음\boj\boj\debug\2697_main.obj
c:\users\juho7\desktop\git모음\boj\boj\debug\`.tlog\cl.command.1.tlog
c:\users\juho7\desktop\git모음\boj\boj\debug\`.tlog\cl.read.1.tlog
c:\users\juho7\desktop\git모음\boj\boj\debug\`.tlog\cl.write.1.tlog
c:\users\juho7\desktop\git모음\boj\boj\debug\`.tlog\link.command.1.tlog
c:\users\juho7\desktop\git모음\boj\boj\debug\`.tlog\link.read.1.tlog
c:\users\juho7\desktop\git모음\boj\boj\debug\`.tlog\link.write.1.tlog
